<?xml version="1.0" encoding="UTF-8"?>
<!-- Generated by org.testng.reporters.JUnitXMLReporter -->
<testsuite hostname="DESKTOP-ATQ3D2C" ignored="0" name="VIP08Auto" tests="20" failures="0" timestamp="02 三月 2021 14:46:38 GMT" time="10.156" errors="0">
  <testcase name="webTest" time="2.832" classname="com.testing.class18.WebExcelDriven"/>
  <testcase name="webTest" time="1.042" classname="com.testing.class18.WebExcelDriven"/>
  <testcase name="webTest" time="0.155" classname="com.testing.class18.WebExcelDriven"/>
  <testcase name="webTest" time="0.13" classname="com.testing.class18.WebExcelDriven"/>
  <testcase name="webTest" time="0.123" classname="com.testing.class18.WebExcelDriven"/>
  <testcase name="webTest" time="0.891" classname="com.testing.class18.WebExcelDriven"/>
  <testcase name="webTest" time="0.319" classname="com.testing.class18.WebExcelDriven"/>
  <testcase name="webTest" time="0.045" classname="com.testing.class18.WebExcelDriven"/>
  <testcase name="webTest" time="0.553" classname="com.testing.class18.WebExcelDriven"/>
  <testcase name="webTest" time="0.135" classname="com.testing.class18.WebExcelDriven"/>
  <testcase name="webTest" time="0.088" classname="com.testing.class18.WebExcelDriven"/>
  <testcase name="webTest" time="1.001" classname="com.testing.class18.WebExcelDriven"/>
  <testcase name="webTest" time="0.086" classname="com.testing.class18.WebExcelDriven"/>
  <testcase name="webTest" time="1.001" classname="com.testing.class18.WebExcelDriven"/>
  <testcase name="webTest" time="0.069" classname="com.testing.class18.WebExcelDriven"/>
  <testcase name="webTest" time="0.104" classname="com.testing.class18.WebExcelDriven"/>
  <testcase name="webTest" time="0.114" classname="com.testing.class18.WebExcelDriven"/>
  <testcase name="webTest" time="0.106" classname="com.testing.class18.WebExcelDriven"/>
  <testcase name="webTest" time="0.202" classname="com.testing.class18.WebExcelDriven"/>
  <testcase name="webTest" time="1.073" classname="com.testing.class18.WebExcelDriven"/>
</testsuite> <!-- VIP08Auto -->
